<?xml version="1.0" encoding="UTF-8"?>
<!-- Generated by org.testng.reporters.JUnitReportReporter -->
<testsuite hostname="LAPTOP-NTBPMJL5" failures="0" tests="1" name="testCases.LoginPageTest" time="1.836" errors="0" timestamp="2024-06-24T16:47:10 PDT" skipped="0">
  <testcase classname="testCases.LoginPageTest" name="login" time="1.836"/>
  <system-out/>
</testsuite> <!-- testCases.LoginPageTest -->
